{
  "stats": {
    "suites": 0,
    "tests": 3,
    "passes": 3,
    "pending": 0,
    "failures": 0,
    "start": "2024-07-04T18:53:38.138Z",
    "end": "2024-07-04T18:53:38.344Z",
    "duration": 206,
    "testsRegistered": 3,
    "passPercent": 100,
    "pendingPercent": 0,
    "other": 0,
    "hasOther": false,
    "skipped": 0,
    "hasSkipped": false
  },
  "results": [
    {
      "uuid": "467d374b-4658-4d38-8c72-9d6eb042126a",
      "title": "",
      "fullFile": "cypress\\e2e\\readWriteFiles.cy.js",
      "file": "cypress\\e2e\\readWriteFiles.cy.js",
      "beforeHooks": [],
      "afterHooks": [],
      "tests": [
        {
          "title": "Read files using Fixture",
          "fullTitle": "Read files using Fixture",
          "timedOut": null,
          "duration": 69,
          "state": "passed",
          "speed": "fast",
          "pass": true,
          "fail": false,
          "pending": false,
          "context": null,
          "code": "//tutaj szczytujemy plik json który znajduje się w folderze\n//fixture\ncy.fixture('rwfile.json').then(data => {\n  cy.log(data.name);\n  cy.log(data.email);\n  //tutaj sprawdzamy asercją poszczególny element w json    \n  cy.fixture('rwfile').its('name').should('eq', 'Tomasz');\n});\n//pobieramy wartość z jsona dzięki funkcji before\ncy.log(this.testData.name);",
          "err": {},
          "uuid": "0e02ae23-e1bf-46e2-896c-25540ded02e5",
          "parentUUID": "467d374b-4658-4d38-8c72-9d6eb042126a",
          "isHook": false,
          "skipped": false
        },
        {
          "title": "Read file using readFile() function",
          "fullTitle": "Read file using readFile() function",
          "timedOut": null,
          "duration": 62,
          "state": "passed",
          "speed": "fast",
          "pass": true,
          "fail": false,
          "pending": false,
          "context": null,
          "code": "cy.readFile('.\\\\cypress\\\\fixtures\\\\rwfile.json').then(data => {\n  cy.log(data.name);\n  //asercja implicit  \n  cy.readFile('.\\\\cypress\\\\fixtures\\\\rwfile.json').its('name').should('eq', 'Tomasz');\n});",
          "err": {},
          "uuid": "cd22bd3e-c2b0-421d-960c-bed27a9b27c1",
          "parentUUID": "467d374b-4658-4d38-8c72-9d6eb042126a",
          "isHook": false,
          "skipped": false
        },
        {
          "title": "Write file",
          "fullTitle": "Write file",
          "timedOut": null,
          "duration": 26,
          "state": "passed",
          "speed": "fast",
          "pass": true,
          "fail": false,
          "pending": false,
          "context": null,
          "code": "// \\n przenosi tekst do następnej lini\ncy.writeFile('sample.txt', 'Hello I am Tomasz \\n');\n//ta flaga niżej powoduje, że nie wykasuje się tekst\n//powyżej i będą widoczne obydwa\ncy.writeFile('sample.txt', 'I am lerning Cypress \\n', {\n  flag: 'a+'\n});\n//talk samo można też używać ścieżki zamiast samej\n//nazwy pliku tak samo jak powyżej w readFile\ncy.writeFile('sample.txt', 'Kocham moją córeczkę Anastazje', {\n  flag: 'a+'\n});",
          "err": {},
          "uuid": "81098f13-d691-448a-a846-1191b29e5bab",
          "parentUUID": "467d374b-4658-4d38-8c72-9d6eb042126a",
          "isHook": false,
          "skipped": false
        }
      ],
      "suites": [],
      "passes": [
        "0e02ae23-e1bf-46e2-896c-25540ded02e5",
        "cd22bd3e-c2b0-421d-960c-bed27a9b27c1",
        "81098f13-d691-448a-a846-1191b29e5bab"
      ],
      "failures": [],
      "pending": [],
      "skipped": [],
      "duration": 157,
      "root": true,
      "rootEmpty": false,
      "_timeout": 2000
    }
  ],
  "meta": {
    "mocha": {
      "version": "7.0.1"
    },
    "mochawesome": {
      "options": {
        "quiet": false,
        "reportFilename": "mochawesome",
        "saveHtml": false,
        "saveJson": true,
        "consoleReporter": "spec",
        "useInlineDiffs": false,
        "code": true
      },
      "version": "7.1.3"
    },
    "marge": {
      "options": {
        "charts": true,
        "overwrite": false,
        "html": false,
        "json": true,
        "reportDir": "cypress/report/mochawesome-report"
      },
      "version": "6.2.0"
    }
  }
}