{
  "stats": {
    "suites": 0,
    "tests": 2,
    "passes": 2,
    "pending": 0,
    "failures": 0,
    "start": "2024-07-04T18:53:26.787Z",
    "end": "2024-07-04T18:53:28.855Z",
    "duration": 2068,
    "testsRegistered": 2,
    "passPercent": 100,
    "pendingPercent": 0,
    "other": 0,
    "hasOther": false,
    "skipped": 0,
    "hasSkipped": false
  },
  "results": [
    {
      "uuid": "73d436a8-1268-4ea3-93b1-0ca99196783d",
      "title": "",
      "fullFile": "cypress\\e2e\\fileUploadDownload.cy.js",
      "file": "cypress\\e2e\\fileUploadDownload.cy.js",
      "beforeHooks": [],
      "afterHooks": [],
      "tests": [
        {
          "title": "File Upload Test",
          "fullTitle": "File Upload Test",
          "timedOut": null,
          "duration": 254,
          "state": "passed",
          "speed": "fast",
          "pass": true,
          "fail": false,
          "pending": false,
          "context": null,
          "code": "cy.visit('https://trytestingthis.netlify.app/');\n//załadowanie pliku Wybierz plik z widnowsa\n//albo z projektu \ncy.get('#myfile').attachFile('240059_morze_plaza_lato.jpg');",
          "err": {},
          "uuid": "4a609afa-6ffb-479d-b6c2-c60b26f4f6cd",
          "parentUUID": "73d436a8-1268-4ea3-93b1-0ca99196783d",
          "isHook": false,
          "skipped": false
        },
        {
          "title": "File Download test",
          "fullTitle": "File Download test",
          "timedOut": null,
          "duration": 215,
          "state": "passed",
          "speed": "fast",
          "pass": true,
          "fail": false,
          "pending": false,
          "context": null,
          "code": "cy.downloadFile('https://upload.wikimedia.org/wikipedia/en/a/a9/Example.jpg', 'mydownloads', 'wikipedia.jpg');",
          "err": {},
          "uuid": "e59ff0c8-ee1c-4c1d-be75-4a2a41cd0e6f",
          "parentUUID": "73d436a8-1268-4ea3-93b1-0ca99196783d",
          "isHook": false,
          "skipped": false
        }
      ],
      "suites": [],
      "passes": [
        "4a609afa-6ffb-479d-b6c2-c60b26f4f6cd",
        "e59ff0c8-ee1c-4c1d-be75-4a2a41cd0e6f"
      ],
      "failures": [],
      "pending": [],
      "skipped": [],
      "duration": 469,
      "root": true,
      "rootEmpty": false,
      "_timeout": 2000
    }
  ],
  "meta": {
    "mocha": {
      "version": "7.0.1"
    },
    "mochawesome": {
      "options": {
        "quiet": false,
        "reportFilename": "mochawesome",
        "saveHtml": false,
        "saveJson": true,
        "consoleReporter": "spec",
        "useInlineDiffs": false,
        "code": true
      },
      "version": "7.1.3"
    },
    "marge": {
      "options": {
        "charts": true,
        "overwrite": false,
        "html": false,
        "json": true,
        "reportDir": "cypress/report/mochawesome-report"
      },
      "version": "6.2.0"
    }
  }
}