{
  "stats": {
    "suites": 0,
    "tests": 1,
    "passes": 1,
    "pending": 0,
    "failures": 0,
    "start": "2024-07-04T18:53:30.181Z",
    "end": "2024-07-04T18:53:36.302Z",
    "duration": 6121,
    "testsRegistered": 1,
    "passPercent": 100,
    "pendingPercent": 0,
    "other": 0,
    "hasOther": false,
    "skipped": 0,
    "hasSkipped": false
  },
  "results": [
    {
      "uuid": "5b5d65e9-9497-4ef4-9419-d61661fcc155",
      "title": "",
      "fullFile": "cypress\\e2e\\myFirstTest.cy.js",
      "file": "cypress\\e2e\\myFirstTest.cy.js",
      "beforeHooks": [],
      "afterHooks": [],
      "tests": [
        {
          "title": "automationstepbystep site",
          "fullTitle": "automationstepbystep site",
          "timedOut": null,
          "duration": 4395,
          "state": "passed",
          "speed": "fast",
          "pass": true,
          "fail": false,
          "pending": false,
          "context": null,
          "code": "cy.visit('https://www.google.pl/');\ncy.get('#L2AGLb > .QS5gu').click();\n// cy.get('#APjFqb').type(\"Automation Step by Step\").type('{enter}')\n//albo tak jak poniżej lekko srócony zapis\ncy.get('#APjFqb').type(\"Automation Step by Step{enter}\");\n/* cy.get('.className, {timeout:5000}').type('123 {enter}') \n- możemy ustawić większe czekanie ręcznie lub w pliku cypress.config.js dla wszystkich zwiększyć.\nTo ustawienie tutaj ma większy priorytet niż w configu         \nalbo jeszcze tak można \ncy.wiat(2000)\n*/",
          "err": {},
          "uuid": "0b2c6b16-ce14-469d-a498-6efb7a595806",
          "parentUUID": "5b5d65e9-9497-4ef4-9419-d61661fcc155",
          "isHook": false,
          "skipped": false
        }
      ],
      "suites": [],
      "passes": [
        "0b2c6b16-ce14-469d-a498-6efb7a595806"
      ],
      "failures": [],
      "pending": [],
      "skipped": [],
      "duration": 4395,
      "root": true,
      "rootEmpty": false,
      "_timeout": 2000
    }
  ],
  "meta": {
    "mocha": {
      "version": "7.0.1"
    },
    "mochawesome": {
      "options": {
        "quiet": false,
        "reportFilename": "mochawesome",
        "saveHtml": false,
        "saveJson": true,
        "consoleReporter": "spec",
        "useInlineDiffs": false,
        "code": true
      },
      "version": "7.1.3"
    },
    "marge": {
      "options": {
        "charts": true,
        "overwrite": false,
        "html": false,
        "json": true,
        "reportDir": "cypress/report/mochawesome-report"
      },
      "version": "6.2.0"
    }
  }
}